2023-04-08 11:29:00,656 [Worker-8: Loading available Gradle versions] INFO  o.e.b.c.i.u.g.PublishedGradleVersions - Gradle version information cache is up-to-date. Trying to read.
2023-04-08 11:31:19,579 [Worker-6: Import Getting Started Content] INFO  o.e.m.c.i.l.LifecycleMappingFactory - Using org.eclipse.m2e.jdt.JarLifecycleMapping lifecycle mapping for MavenProject: br.com.rafael:AulaAnotations:0.0.1-SNAPSHOT @ C:\REST API's RESTFul do 0 à AWS c. Spring Boot 3 Java e Docker\AulaAnotations\pom.xml.
2023-04-08 11:31:20,952 [Worker-6: Import Getting Started Content] INFO  o.e.m.j.i.AbstractJavaProjectConfigurator - Adding source folder /AulaAnotations/src/main/java
2023-04-08 11:31:20,953 [Worker-6: Import Getting Started Content] INFO  o.e.m.j.i.AbstractJavaProjectConfigurator - Adding resource folder /AulaAnotations/src/main/resources
2023-04-08 11:31:20,965 [Worker-6: Import Getting Started Content] INFO  o.e.m.j.i.AbstractJavaProjectConfigurator - Adding resource folder /AulaAnotations/src/main/resources
2023-04-08 11:31:20,977 [Worker-6: Import Getting Started Content] INFO  o.e.m.j.i.AbstractJavaProjectConfigurator - Adding source folder /AulaAnotations/src/test/java
2023-04-08 11:31:22,600 [Worker-6: Import Getting Started Content] INFO  o.e.m.c.i.p.ProjectConfigurationManager - Imported and configured 1 project(s) in 4 sec
2023-04-08 11:31:22,608 [Worker-6: Import Getting Started Content] INFO  o.e.m.c.i.p.ProjectConfigurationManager - Update started
2023-04-08 11:31:22,840 [Worker-6: Import Getting Started Content] INFO  o.e.m.c.i.l.LifecycleMappingFactory - Using org.eclipse.m2e.jdt.JarLifecycleMapping lifecycle mapping for MavenProject: br.com.rafael:AulaAnotations:0.0.1-SNAPSHOT @ C:\REST API's RESTFul do 0 à AWS c. Spring Boot 3 Java e Docker\AulaAnotations\pom.xml.
2023-04-08 11:31:23,166 [Worker-6: Import Getting Started Content] INFO  o.e.m.j.i.AbstractJavaProjectConfigurator - Adding source folder /AulaAnotations/src/main/java
2023-04-08 11:31:23,166 [Worker-6: Import Getting Started Content] INFO  o.e.m.j.i.AbstractJavaProjectConfigurator - Adding resource folder /AulaAnotations/src/main/resources
2023-04-08 11:31:23,167 [Worker-6: Import Getting Started Content] INFO  o.e.m.j.i.AbstractJavaProjectConfigurator - Adding resource folder /AulaAnotations/src/main/resources
2023-04-08 11:31:23,167 [Worker-6: Import Getting Started Content] INFO  o.e.m.j.i.AbstractJavaProjectConfigurator - Adding source folder /AulaAnotations/src/test/java
2023-04-08 11:31:23,865 [Worker-6: Import Getting Started Content] INFO  o.e.m.c.i.p.ProjectConfigurationManager - Update completed for 1 poms: local refresh takes 0,00 sec, refresh facades takes 0,00 sec, update config takes 0,00 sec 
2023-04-08 11:45:05,372 [Worker-0: Building] INFO  o.e.m.c.i.l.LifecycleMappingFactory - Using org.eclipse.m2e.jdt.JarLifecycleMapping lifecycle mapping for MavenProject: br.com.rafael:AulaAnotations:0.0.1-SNAPSHOT @ C:\REST API's RESTFul do 0 à AWS c. Spring Boot 3 Java e Docker\AulaAnotations\pom.xml.
2023-04-08 11:45:05,871 [Worker-0: Building] INFO  o.a.m.s.f.DefaultMavenResourcesFiltering - Copying 0 resource
2023-04-08 11:45:05,872 [Worker-0: Building] INFO  o.a.m.s.f.DefaultMavenResourcesFiltering - Copying 0 resource
2023-04-08 11:45:05,877 [Worker-0: Building] INFO  o.a.m.s.f.DefaultMavenResourcesFiltering - skip non existing resourceDirectory C:\REST API's RESTFul do 0 à AWS c. Spring Boot 3 Java e Docker\AulaAnotations\src\test\resources
2023-04-08 11:45:17,088 [Worker-17: Updating Maven Project] INFO  o.e.m.c.i.p.ProjectConfigurationManager - Update started
2023-04-08 11:45:17,305 [Worker-17: Updating Maven Project] INFO  o.e.m.c.i.l.LifecycleMappingFactory - Using org.eclipse.m2e.jdt.JarLifecycleMapping lifecycle mapping for MavenProject: br.com.rafael:AulaAnotations:0.0.1-SNAPSHOT @ C:\REST API's RESTFul do 0 à AWS c. Spring Boot 3 Java e Docker\AulaAnotations\pom.xml.
2023-04-08 11:45:17,573 [Worker-17: Updating Maven Project] INFO  o.e.m.j.i.AbstractJavaProjectConfigurator - Adding source folder /AulaAnotations/src/main/java
2023-04-08 11:45:17,573 [Worker-17: Updating Maven Project] INFO  o.e.m.j.i.AbstractJavaProjectConfigurator - Adding resource folder /AulaAnotations/src/main/resources
2023-04-08 11:45:17,573 [Worker-17: Updating Maven Project] INFO  o.e.m.j.i.AbstractJavaProjectConfigurator - Adding resource folder /AulaAnotations/src/main/resources
2023-04-08 11:45:17,574 [Worker-17: Updating Maven Project] INFO  o.e.m.j.i.AbstractJavaProjectConfigurator - Adding source folder /AulaAnotations/src/test/java
2023-04-08 11:45:17,842 [Worker-17: Updating Maven Project] INFO  o.e.m.c.i.p.ProjectConfigurationManager - Update completed for 1 poms: local refresh takes 0,00 sec, refresh facades takes 0,00 sec, update config takes 0,00 sec 
2023-04-08 11:47:32,024 [Worker-0: Updating Maven Project] INFO  o.e.m.c.i.p.ProjectConfigurationManager - Update started
2023-04-08 11:47:32,317 [Worker-0: Updating Maven Project] INFO  o.e.m.c.i.l.LifecycleMappingFactory - Using org.eclipse.m2e.jdt.JarLifecycleMapping lifecycle mapping for MavenProject: br.com.rafael:AulaAnotations:0.0.1-SNAPSHOT @ C:\REST API's RESTFul do 0 à AWS c. Spring Boot 3 Java e Docker\AulaAnotations\pom.xml.
2023-04-08 11:47:32,612 [Worker-0: Updating Maven Project] INFO  o.e.m.j.i.AbstractJavaProjectConfigurator - Adding source folder /AulaAnotations/src/main/java
2023-04-08 11:47:32,613 [Worker-0: Updating Maven Project] INFO  o.e.m.j.i.AbstractJavaProjectConfigurator - Adding resource folder /AulaAnotations/src/main/resources
2023-04-08 11:47:32,613 [Worker-0: Updating Maven Project] INFO  o.e.m.j.i.AbstractJavaProjectConfigurator - Adding resource folder /AulaAnotations/src/main/resources
2023-04-08 11:47:32,613 [Worker-0: Updating Maven Project] INFO  o.e.m.j.i.AbstractJavaProjectConfigurator - Adding source folder /AulaAnotations/src/test/java
2023-04-08 11:47:32,838 [Worker-0: Updating Maven Project] INFO  o.e.m.c.i.p.ProjectConfigurationManager - Update completed for 1 poms: local refresh takes 0,00 sec, refresh facades takes 0,00 sec, update config takes 0,00 sec 
2023-04-08 12:09:38,896 [Worker-23: Building] INFO  o.e.m.c.i.l.LifecycleMappingFactory - Using org.eclipse.m2e.jdt.JarLifecycleMapping lifecycle mapping for MavenProject: br.com.rafael:AulaAnotations:0.0.1-SNAPSHOT @ C:\REST API's RESTFul do 0 à AWS c. Spring Boot 3 Java e Docker\AulaAnotationsCal\pom.xml.
2023-04-08 12:09:39,405 [Worker-23: Building] INFO  o.a.m.s.f.DefaultMavenResourcesFiltering - Copying 1 resource
2023-04-08 12:09:39,456 [Worker-23: Building] INFO  o.a.m.s.f.DefaultMavenResourcesFiltering - Copying 0 resource
2023-04-08 12:09:39,460 [Worker-23: Building] INFO  o.a.m.s.f.DefaultMavenResourcesFiltering - skip non existing resourceDirectory C:\REST API's RESTFul do 0 à AWS c. Spring Boot 3 Java e Docker\AulaAnotationsCal\src\test\resources
2023-04-08 12:09:40,651 [Worker-27: Building] INFO  o.a.m.s.f.DefaultMavenResourcesFiltering - Copying 1 resource
2023-04-08 12:09:40,654 [Worker-27: Building] INFO  o.a.m.s.f.DefaultMavenResourcesFiltering - Copying 0 resource
2023-04-08 12:09:40,656 [Worker-27: Building] INFO  o.a.m.s.f.DefaultMavenResourcesFiltering - skip non existing resourceDirectory C:\REST API's RESTFul do 0 à AWS c. Spring Boot 3 Java e Docker\AulaAnotationsCal\src\test\resources
2023-04-08 12:09:52,895 [Worker-26: Building] INFO  o.a.m.s.f.DefaultMavenResourcesFiltering - Copying 1 resource
2023-04-08 12:09:52,902 [Worker-26: Building] INFO  o.a.m.s.f.DefaultMavenResourcesFiltering - Copying 0 resource
2023-04-08 12:09:52,906 [Worker-26: Building] INFO  o.a.m.s.f.DefaultMavenResourcesFiltering - skip non existing resourceDirectory C:\REST API's RESTFul do 0 à AWS c. Spring Boot 3 Java e Docker\AulaAnotationsCal\src\test\resources
2023-04-08 12:10:16,014 [Worker-23: Building] INFO  o.a.m.s.f.DefaultMavenResourcesFiltering - Copying 1 resource
2023-04-08 12:10:16,023 [Worker-23: Building] INFO  o.a.m.s.f.DefaultMavenResourcesFiltering - Copying 0 resource
2023-04-08 12:10:16,026 [Worker-23: Building] INFO  o.a.m.s.f.DefaultMavenResourcesFiltering - skip non existing resourceDirectory C:\REST API's RESTFul do 0 à AWS c. Spring Boot 3 Java e Docker\AulaAnotationsCal\src\test\resources
2023-04-08 12:17:02,096 [Worker-23: Building] INFO  o.a.m.s.f.DefaultMavenResourcesFiltering - Copying 1 resource
2023-04-08 12:17:02,104 [Worker-23: Building] INFO  o.a.m.s.f.DefaultMavenResourcesFiltering - Copying 0 resource
2023-04-08 12:17:02,108 [Worker-23: Building] INFO  o.a.m.s.f.DefaultMavenResourcesFiltering - skip non existing resourceDirectory C:\REST API's RESTFul do 0 à AWS c. Spring Boot 3 Java e Docker\AulaAnotationsCal\src\test\resources
2023-04-08 12:19:32,851 [Worker-27: Building] INFO  o.a.m.s.f.DefaultMavenResourcesFiltering - Copying 1 resource
2023-04-08 12:19:32,860 [Worker-27: Building] INFO  o.a.m.s.f.DefaultMavenResourcesFiltering - Copying 0 resource
2023-04-08 12:19:32,863 [Worker-27: Building] INFO  o.a.m.s.f.DefaultMavenResourcesFiltering - skip non existing resourceDirectory C:\REST API's RESTFul do 0 à AWS c. Spring Boot 3 Java e Docker\AulaAnotationsCal\src\test\resources
2023-04-08 12:34:04,754 [Worker-31: Building] INFO  o.a.m.s.f.DefaultMavenResourcesFiltering - Copying 1 resource
2023-04-08 12:34:04,765 [Worker-31: Building] INFO  o.a.m.s.f.DefaultMavenResourcesFiltering - Copying 0 resource
2023-04-08 12:34:04,769 [Worker-31: Building] INFO  o.a.m.s.f.DefaultMavenResourcesFiltering - skip non existing resourceDirectory C:\REST API's RESTFul do 0 à AWS c. Spring Boot 3 Java e Docker\AulaAnotationsCal\src\test\resources
2023-04-10 10:03:18,207 [Worker-7: Loading available Gradle versions] INFO  o.e.b.c.i.u.g.PublishedGradleVersions - Gradle version information cache is out-of-date. Trying to update.
2023-04-10 11:13:08,976 [Worker-23: Building] INFO  o.e.m.c.i.l.LifecycleMappingFactory - Using org.eclipse.m2e.jdt.JarLifecycleMapping lifecycle mapping for MavenProject: br.com.rafael:AulaAnotations:0.0.1-SNAPSHOT @ C:\REST API's RESTFul do 0 à AWS c. Spring Boot 3 Java e Docker\AulaTratamentoExcecao\pom.xml.
2023-04-10 11:13:14,095 [Worker-23: Building] INFO  o.a.m.s.f.DefaultMavenResourcesFiltering - Copying 1 resource
2023-04-10 11:13:14,115 [Worker-23: Building] INFO  o.a.m.s.f.DefaultMavenResourcesFiltering - Copying 0 resource
2023-04-10 11:13:14,120 [Worker-23: Building] INFO  o.a.m.s.f.DefaultMavenResourcesFiltering - skip non existing resourceDirectory C:\REST API's RESTFul do 0 à AWS c. Spring Boot 3 Java e Docker\AulaTratamentoExcecao\src\test\resources
2023-04-10 11:13:15,351 [Worker-26: Building] INFO  o.a.m.s.f.DefaultMavenResourcesFiltering - Copying 1 resource
2023-04-10 11:13:15,354 [Worker-26: Building] INFO  o.a.m.s.f.DefaultMavenResourcesFiltering - Copying 0 resource
2023-04-10 11:13:15,357 [Worker-26: Building] INFO  o.a.m.s.f.DefaultMavenResourcesFiltering - skip non existing resourceDirectory C:\REST API's RESTFul do 0 à AWS c. Spring Boot 3 Java e Docker\AulaTratamentoExcecao\src\test\resources
2023-04-10 11:13:59,901 [Worker-24: Building] INFO  o.a.m.s.f.DefaultMavenResourcesFiltering - Copying 1 resource
2023-04-10 11:13:59,914 [Worker-24: Building] INFO  o.a.m.s.f.DefaultMavenResourcesFiltering - Copying 0 resource
2023-04-10 11:13:59,919 [Worker-24: Building] INFO  o.a.m.s.f.DefaultMavenResourcesFiltering - skip non existing resourceDirectory C:\REST API's RESTFul do 0 à AWS c. Spring Boot 3 Java e Docker\AulaTratamentoExcecao\src\test\resources
2023-04-10 11:20:29,409 [Worker-25: Building] INFO  o.a.m.s.f.DefaultMavenResourcesFiltering - Copying 1 resource
2023-04-10 11:20:29,418 [Worker-25: Building] INFO  o.a.m.s.f.DefaultMavenResourcesFiltering - Copying 0 resource
2023-04-10 11:20:29,421 [Worker-25: Building] INFO  o.a.m.s.f.DefaultMavenResourcesFiltering - skip non existing resourceDirectory C:\REST API's RESTFul do 0 à AWS c. Spring Boot 3 Java e Docker\AulaTratamentoExcecao\src\test\resources
2023-04-10 11:21:37,592 [Worker-25: Building] INFO  o.a.m.s.f.DefaultMavenResourcesFiltering - Copying 1 resource
2023-04-10 11:21:37,601 [Worker-25: Building] INFO  o.a.m.s.f.DefaultMavenResourcesFiltering - Copying 0 resource
2023-04-10 11:21:37,604 [Worker-25: Building] INFO  o.a.m.s.f.DefaultMavenResourcesFiltering - skip non existing resourceDirectory C:\REST API's RESTFul do 0 à AWS c. Spring Boot 3 Java e Docker\AulaTratamentoExcecao\src\test\resources
2023-04-10 11:21:40,109 [Worker-29: Building] INFO  o.a.m.s.f.DefaultMavenResourcesFiltering - Copying 1 resource
2023-04-10 11:21:40,118 [Worker-29: Building] INFO  o.a.m.s.f.DefaultMavenResourcesFiltering - Copying 0 resource
2023-04-10 11:21:40,121 [Worker-29: Building] INFO  o.a.m.s.f.DefaultMavenResourcesFiltering - skip non existing resourceDirectory C:\REST API's RESTFul do 0 à AWS c. Spring Boot 3 Java e Docker\AulaTratamentoExcecao\src\test\resources
2023-04-10 11:22:49,223 [Worker-27: Building] INFO  o.a.m.s.f.DefaultMavenResourcesFiltering - Copying 1 resource
2023-04-10 11:22:49,231 [Worker-27: Building] INFO  o.a.m.s.f.DefaultMavenResourcesFiltering - Copying 0 resource
2023-04-10 11:22:49,234 [Worker-27: Building] INFO  o.a.m.s.f.DefaultMavenResourcesFiltering - skip non existing resourceDirectory C:\REST API's RESTFul do 0 à AWS c. Spring Boot 3 Java e Docker\AulaTratamentoExcecao\src\test\resources
2023-04-10 11:33:43,994 [Worker-27: Building] INFO  o.a.m.s.f.DefaultMavenResourcesFiltering - Copying 1 resource
2023-04-10 11:33:44,001 [Worker-27: Building] INFO  o.a.m.s.f.DefaultMavenResourcesFiltering - Copying 0 resource
2023-04-10 11:33:44,005 [Worker-27: Building] INFO  o.a.m.s.f.DefaultMavenResourcesFiltering - skip non existing resourceDirectory C:\REST API's RESTFul do 0 à AWS c. Spring Boot 3 Java e Docker\AulaTratamentoExcecao\src\test\resources
2023-04-10 11:35:56,322 [Worker-31: Building] INFO  o.a.m.s.f.DefaultMavenResourcesFiltering - Copying 1 resource
2023-04-10 11:35:56,333 [Worker-31: Building] INFO  o.a.m.s.f.DefaultMavenResourcesFiltering - Copying 0 resource
2023-04-10 11:35:56,336 [Worker-31: Building] INFO  o.a.m.s.f.DefaultMavenResourcesFiltering - skip non existing resourceDirectory C:\REST API's RESTFul do 0 à AWS c. Spring Boot 3 Java e Docker\AulaTratamentoExcecao\src\test\resources
2023-04-10 11:38:52,059 [Worker-38: Building] INFO  o.a.m.s.f.DefaultMavenResourcesFiltering - Copying 1 resource
2023-04-10 11:38:52,068 [Worker-38: Building] INFO  o.a.m.s.f.DefaultMavenResourcesFiltering - Copying 0 resource
2023-04-10 11:38:52,071 [Worker-38: Building] INFO  o.a.m.s.f.DefaultMavenResourcesFiltering - skip non existing resourceDirectory C:\REST API's RESTFul do 0 à AWS c. Spring Boot 3 Java e Docker\AulaTratamentoExcecao\src\test\resources
2023-04-10 11:41:25,072 [Worker-39: Building] INFO  o.a.m.s.f.DefaultMavenResourcesFiltering - Copying 1 resource
2023-04-10 11:41:25,080 [Worker-39: Building] INFO  o.a.m.s.f.DefaultMavenResourcesFiltering - Copying 0 resource
2023-04-10 11:41:25,084 [Worker-39: Building] INFO  o.a.m.s.f.DefaultMavenResourcesFiltering - skip non existing resourceDirectory C:\REST API's RESTFul do 0 à AWS c. Spring Boot 3 Java e Docker\AulaTratamentoExcecao\src\test\resources
2023-04-10 11:41:54,719 [Worker-25: Building] INFO  o.a.m.s.f.DefaultMavenResourcesFiltering - Copying 1 resource
2023-04-10 11:41:54,729 [Worker-25: Building] INFO  o.a.m.s.f.DefaultMavenResourcesFiltering - Copying 0 resource
2023-04-10 11:41:54,733 [Worker-25: Building] INFO  o.a.m.s.f.DefaultMavenResourcesFiltering - skip non existing resourceDirectory C:\REST API's RESTFul do 0 à AWS c. Spring Boot 3 Java e Docker\AulaTratamentoExcecao\src\test\resources
2023-04-10 17:58:31,717 [Worker-4: Loading available Gradle versions] INFO  o.e.b.c.i.u.g.PublishedGradleVersions - Gradle version information cache is up-to-date. Trying to read.
2023-04-10 23:31:56,034 [Worker-22: Building] INFO  o.a.m.s.f.DefaultMavenResourcesFiltering - Copying 1 resource
2023-04-10 23:31:56,138 [Worker-22: Building] INFO  o.a.m.s.f.DefaultMavenResourcesFiltering - Copying 0 resource
2023-04-10 23:31:56,146 [Worker-22: Building] INFO  o.a.m.s.f.DefaultMavenResourcesFiltering - skip non existing resourceDirectory C:\REST API's RESTFul do 0 à AWS c. Spring Boot 3 Java e Docker\AulaTratamentoExcecao\src\test\resources
2023-04-10 23:33:40,054 [Worker-22: Building] INFO  o.a.m.s.f.DefaultMavenResourcesFiltering - Copying 1 resource
2023-04-10 23:33:40,062 [Worker-22: Building] INFO  o.a.m.s.f.DefaultMavenResourcesFiltering - Copying 0 resource
2023-04-10 23:33:40,067 [Worker-22: Building] INFO  o.a.m.s.f.DefaultMavenResourcesFiltering - skip non existing resourceDirectory C:\REST API's RESTFul do 0 à AWS c. Spring Boot 3 Java e Docker\AulaTratamentoExcecao\src\test\resources
2023-04-10 23:37:09,840 [Worker-29: Building] INFO  o.a.m.s.f.DefaultMavenResourcesFiltering - Copying 1 resource
2023-04-10 23:37:09,848 [Worker-29: Building] INFO  o.a.m.s.f.DefaultMavenResourcesFiltering - Copying 0 resource
2023-04-10 23:37:09,851 [Worker-29: Building] INFO  o.a.m.s.f.DefaultMavenResourcesFiltering - skip non existing resourceDirectory C:\REST API's RESTFul do 0 à AWS c. Spring Boot 3 Java e Docker\AulaTratamentoExcecao\src\test\resources
2023-04-10 23:40:03,553 [Worker-27: Building] INFO  o.a.m.s.f.DefaultMavenResourcesFiltering - Copying 1 resource
2023-04-10 23:40:03,562 [Worker-27: Building] INFO  o.a.m.s.f.DefaultMavenResourcesFiltering - Copying 0 resource
2023-04-10 23:40:03,565 [Worker-27: Building] INFO  o.a.m.s.f.DefaultMavenResourcesFiltering - skip non existing resourceDirectory C:\REST API's RESTFul do 0 à AWS c. Spring Boot 3 Java e Docker\AulaTratamentoExcecao\src\test\resources
2023-04-10 23:52:49,957 [Worker-35: Building] INFO  o.a.m.s.f.DefaultMavenResourcesFiltering - Copying 1 resource
2023-04-10 23:52:49,976 [Worker-35: Building] INFO  o.a.m.s.f.DefaultMavenResourcesFiltering - Copying 0 resource
2023-04-10 23:52:49,980 [Worker-35: Building] INFO  o.a.m.s.f.DefaultMavenResourcesFiltering - skip non existing resourceDirectory C:\REST API's RESTFul do 0 à AWS c. Spring Boot 3 Java e Docker\AulaTratamentoExcecao\src\test\resources
2023-04-10 23:53:28,615 [Worker-35: Building] INFO  o.a.m.s.f.DefaultMavenResourcesFiltering - Copying 1 resource
2023-04-10 23:53:28,624 [Worker-35: Building] INFO  o.a.m.s.f.DefaultMavenResourcesFiltering - Copying 0 resource
2023-04-10 23:53:28,627 [Worker-35: Building] INFO  o.a.m.s.f.DefaultMavenResourcesFiltering - skip non existing resourceDirectory C:\REST API's RESTFul do 0 à AWS c. Spring Boot 3 Java e Docker\AulaTratamentoExcecao\src\test\resources
2023-04-10 23:54:45,886 [Worker-37: Building] INFO  o.a.m.s.f.DefaultMavenResourcesFiltering - Copying 1 resource
2023-04-10 23:54:45,896 [Worker-37: Building] INFO  o.a.m.s.f.DefaultMavenResourcesFiltering - Copying 0 resource
2023-04-10 23:54:45,899 [Worker-37: Building] INFO  o.a.m.s.f.DefaultMavenResourcesFiltering - skip non existing resourceDirectory C:\REST API's RESTFul do 0 à AWS c. Spring Boot 3 Java e Docker\AulaTratamentoExcecao\src\test\resources
2023-04-10 23:56:08,766 [Worker-36: Building] INFO  o.a.m.s.f.DefaultMavenResourcesFiltering - Copying 1 resource
2023-04-10 23:56:08,774 [Worker-36: Building] INFO  o.a.m.s.f.DefaultMavenResourcesFiltering - Copying 0 resource
2023-04-10 23:56:08,780 [Worker-36: Building] INFO  o.a.m.s.f.DefaultMavenResourcesFiltering - skip non existing resourceDirectory C:\REST API's RESTFul do 0 à AWS c. Spring Boot 3 Java e Docker\AulaTratamentoExcecao\src\test\resources
2023-04-11 00:36:02,536 [Worker-33: Building] INFO  o.a.m.s.f.DefaultMavenResourcesFiltering - Copying 1 resource
2023-04-11 00:36:02,544 [Worker-33: Building] INFO  o.a.m.s.f.DefaultMavenResourcesFiltering - Copying 0 resource
2023-04-11 00:36:02,548 [Worker-33: Building] INFO  o.a.m.s.f.DefaultMavenResourcesFiltering - skip non existing resourceDirectory C:\REST API's RESTFul do 0 à AWS c. Spring Boot 3 Java e Docker\AulaTratamentoExcecao\src\test\resources
2023-04-11 00:36:20,073 [Worker-39: Building] INFO  o.a.m.s.f.DefaultMavenResourcesFiltering - Copying 1 resource
2023-04-11 00:36:20,082 [Worker-39: Building] INFO  o.a.m.s.f.DefaultMavenResourcesFiltering - Copying 0 resource
2023-04-11 00:36:20,086 [Worker-39: Building] INFO  o.a.m.s.f.DefaultMavenResourcesFiltering - skip non existing resourceDirectory C:\REST API's RESTFul do 0 à AWS c. Spring Boot 3 Java e Docker\AulaTratamentoExcecao\src\test\resources
2023-04-11 00:39:20,761 [Worker-44: Building] INFO  o.a.m.s.f.DefaultMavenResourcesFiltering - Copying 1 resource
2023-04-11 00:39:20,770 [Worker-44: Building] INFO  o.a.m.s.f.DefaultMavenResourcesFiltering - Copying 0 resource
2023-04-11 00:39:20,774 [Worker-44: Building] INFO  o.a.m.s.f.DefaultMavenResourcesFiltering - skip non existing resourceDirectory C:\REST API's RESTFul do 0 à AWS c. Spring Boot 3 Java e Docker\AulaTratamentoExcecao\src\test\resources
2023-04-11 00:39:33,107 [Worker-44: Building] INFO  o.a.m.s.f.DefaultMavenResourcesFiltering - Copying 1 resource
2023-04-11 00:39:33,114 [Worker-44: Building] INFO  o.a.m.s.f.DefaultMavenResourcesFiltering - Copying 0 resource
2023-04-11 00:39:33,118 [Worker-44: Building] INFO  o.a.m.s.f.DefaultMavenResourcesFiltering - skip non existing resourceDirectory C:\REST API's RESTFul do 0 à AWS c. Spring Boot 3 Java e Docker\AulaTratamentoExcecao\src\test\resources
2023-04-11 00:39:35,656 [Worker-39: Building] INFO  o.a.m.s.f.DefaultMavenResourcesFiltering - Copying 1 resource
2023-04-11 00:39:35,683 [Worker-39: Building] INFO  o.a.m.s.f.DefaultMavenResourcesFiltering - Copying 0 resource
2023-04-11 00:39:35,687 [Worker-39: Building] INFO  o.a.m.s.f.DefaultMavenResourcesFiltering - skip non existing resourceDirectory C:\REST API's RESTFul do 0 à AWS c. Spring Boot 3 Java e Docker\AulaTratamentoExcecao\src\test\resources
2023-04-11 00:41:57,611 [Worker-39: Building] INFO  o.a.m.s.f.DefaultMavenResourcesFiltering - Copying 1 resource
2023-04-11 00:41:57,616 [Worker-39: Building] INFO  o.a.m.s.f.DefaultMavenResourcesFiltering - Copying 0 resource
2023-04-11 00:41:57,619 [Worker-39: Building] INFO  o.a.m.s.f.DefaultMavenResourcesFiltering - skip non existing resourceDirectory C:\REST API's RESTFul do 0 à AWS c. Spring Boot 3 Java e Docker\AulaTratamentoExcecao\src\test\resources
2023-04-11 00:44:17,971 [Worker-48: Building] INFO  o.a.m.s.f.DefaultMavenResourcesFiltering - Copying 1 resource
2023-04-11 00:44:17,980 [Worker-48: Building] INFO  o.a.m.s.f.DefaultMavenResourcesFiltering - Copying 0 resource
2023-04-11 00:44:17,983 [Worker-48: Building] INFO  o.a.m.s.f.DefaultMavenResourcesFiltering - skip non existing resourceDirectory C:\REST API's RESTFul do 0 à AWS c. Spring Boot 3 Java e Docker\AulaTratamentoExcecao\src\test\resources
2023-04-11 01:16:57,116 [Worker-53: Building] INFO  o.a.m.s.f.DefaultMavenResourcesFiltering - Copying 1 resource
2023-04-11 01:16:57,123 [Worker-53: Building] INFO  o.a.m.s.f.DefaultMavenResourcesFiltering - Copying 0 resource
2023-04-11 01:16:57,128 [Worker-53: Building] INFO  o.a.m.s.f.DefaultMavenResourcesFiltering - skip non existing resourceDirectory C:\REST API's RESTFul do 0 à AWS c. Spring Boot 3 Java e Docker\AulaTratamentoExcecao\src\test\resources
2023-04-11 17:24:58,798 [Worker-4: Loading available Gradle versions] INFO  o.e.b.c.i.u.g.PublishedGradleVersions - Gradle version information cache is out-of-date. Trying to update.
2023-04-12 09:22:14,273 [Worker-4: Loading available Gradle versions] INFO  o.e.b.c.i.u.g.PublishedGradleVersions - Gradle version information cache is up-to-date. Trying to read.
2023-04-12 09:24:14,505 [Worker-1: Launching AulaTratamentoExcecao - AulaAnotationsApplication] INFO  o.a.m.s.f.DefaultMavenResourcesFiltering - Copying 1 resource
2023-04-12 09:24:14,524 [Worker-1: Launching AulaTratamentoExcecao - AulaAnotationsApplication] INFO  o.a.m.s.f.DefaultMavenResourcesFiltering - Copying 0 resource
2023-04-12 09:24:14,529 [Worker-1: Launching AulaTratamentoExcecao - AulaAnotationsApplication] INFO  o.a.m.s.f.DefaultMavenResourcesFiltering - skip non existing resourceDirectory C:\REST API's RESTFul do 0 à AWS c. Spring Boot 3 Java e Docker\AulaTratamentoExcecao\src\test\resources
2023-04-12 09:24:16,211 [Worker-14: Building] INFO  o.a.m.s.f.DefaultMavenResourcesFiltering - Copying 1 resource
2023-04-12 09:24:16,313 [Worker-14: Building] INFO  o.a.m.s.f.DefaultMavenResourcesFiltering - Copying 0 resource
2023-04-12 09:24:16,319 [Worker-14: Building] INFO  o.a.m.s.f.DefaultMavenResourcesFiltering - skip non existing resourceDirectory C:\REST API's RESTFul do 0 à AWS c. Spring Boot 3 Java e Docker\AulaAnotations\src\test\resources
2023-04-12 09:24:17,056 [Worker-14: Building] INFO  o.a.m.s.f.DefaultMavenResourcesFiltering - Copying 1 resource
2023-04-12 09:24:17,135 [Worker-14: Building] INFO  o.a.m.s.f.DefaultMavenResourcesFiltering - Copying 0 resource
2023-04-12 09:24:17,138 [Worker-14: Building] INFO  o.a.m.s.f.DefaultMavenResourcesFiltering - skip non existing resourceDirectory C:\REST API's RESTFul do 0 à AWS c. Spring Boot 3 Java e Docker\AulaAnotationsCal\src\test\resources
2023-04-12 09:28:34,381 [Worker-18: Building] INFO  o.a.m.s.f.DefaultMavenResourcesFiltering - Copying 1 resource
2023-04-12 09:28:34,393 [Worker-18: Building] INFO  o.a.m.s.f.DefaultMavenResourcesFiltering - Copying 0 resource
2023-04-12 09:28:34,399 [Worker-18: Building] INFO  o.a.m.s.f.DefaultMavenResourcesFiltering - skip non existing resourceDirectory C:\REST API's RESTFul do 0 à AWS c. Spring Boot 3 Java e Docker\AulaTratamentoExcecao\src\test\resources
2023-04-12 09:40:00,058 [Worker-26: Building] INFO  o.e.m.c.i.l.LifecycleMappingFactory - Using org.eclipse.m2e.jdt.JarLifecycleMapping lifecycle mapping for MavenProject: br.com.rafael:AulaAnotations:0.0.1-SNAPSHOT @ C:\REST API's RESTFul do 0 à AWS c. Spring Boot 3 Java e Docker\VerboGetPostPutDelete\pom.xml.
2023-04-12 09:40:00,712 [Worker-26: Building] INFO  o.a.m.s.f.DefaultMavenResourcesFiltering - Copying 1 resource
2023-04-12 09:40:00,736 [Worker-26: Building] INFO  o.a.m.s.f.DefaultMavenResourcesFiltering - Copying 0 resource
2023-04-12 09:40:00,740 [Worker-26: Building] INFO  o.a.m.s.f.DefaultMavenResourcesFiltering - skip non existing resourceDirectory C:\REST API's RESTFul do 0 à AWS c. Spring Boot 3 Java e Docker\VerboGetPostPutDelete\src\test\resources
2023-04-12 09:40:01,923 [Worker-8: Building] INFO  o.a.m.s.f.DefaultMavenResourcesFiltering - Copying 1 resource
2023-04-12 09:40:01,925 [Worker-8: Building] INFO  o.a.m.s.f.DefaultMavenResourcesFiltering - Copying 0 resource
2023-04-12 09:40:01,928 [Worker-8: Building] INFO  o.a.m.s.f.DefaultMavenResourcesFiltering - skip non existing resourceDirectory C:\REST API's RESTFul do 0 à AWS c. Spring Boot 3 Java e Docker\VerboGetPostPutDelete\src\test\resources
2023-04-12 09:40:26,527 [Worker-24: Building] INFO  o.a.m.s.f.DefaultMavenResourcesFiltering - Copying 1 resource
2023-04-12 09:40:26,533 [Worker-24: Building] INFO  o.a.m.s.f.DefaultMavenResourcesFiltering - Copying 0 resource
2023-04-12 09:40:26,536 [Worker-24: Building] INFO  o.a.m.s.f.DefaultMavenResourcesFiltering - skip non existing resourceDirectory C:\REST API's RESTFul do 0 à AWS c. Spring Boot 3 Java e Docker\VerboGetPostPutDelete\src\test\resources
2023-04-12 09:40:53,224 [Worker-26: Building] INFO  o.a.m.s.f.DefaultMavenResourcesFiltering - Copying 1 resource
2023-04-12 09:40:53,231 [Worker-26: Building] INFO  o.a.m.s.f.DefaultMavenResourcesFiltering - Copying 0 resource
2023-04-12 09:40:53,236 [Worker-26: Building] INFO  o.a.m.s.f.DefaultMavenResourcesFiltering - skip non existing resourceDirectory C:\REST API's RESTFul do 0 à AWS c. Spring Boot 3 Java e Docker\VerboGetPostPutDelete\src\test\resources
2023-04-12 09:41:32,714 [Worker-27: Building] INFO  o.a.m.s.f.DefaultMavenResourcesFiltering - Copying 1 resource
2023-04-12 09:41:32,720 [Worker-27: Building] INFO  o.a.m.s.f.DefaultMavenResourcesFiltering - Copying 0 resource
2023-04-12 09:41:32,725 [Worker-27: Building] INFO  o.a.m.s.f.DefaultMavenResourcesFiltering - skip non existing resourceDirectory C:\REST API's RESTFul do 0 à AWS c. Spring Boot 3 Java e Docker\VerboGetPostPutDelete\src\test\resources
2023-04-12 09:41:53,387 [Worker-27: Building] INFO  o.a.m.s.f.DefaultMavenResourcesFiltering - Copying 1 resource
2023-04-12 09:41:53,393 [Worker-27: Building] INFO  o.a.m.s.f.DefaultMavenResourcesFiltering - Copying 0 resource
2023-04-12 09:41:53,396 [Worker-27: Building] INFO  o.a.m.s.f.DefaultMavenResourcesFiltering - skip non existing resourceDirectory C:\REST API's RESTFul do 0 à AWS c. Spring Boot 3 Java e Docker\VerboGetPostPutDelete\src\test\resources
2023-04-12 09:42:00,754 [Worker-25: Building] INFO  o.a.m.s.f.DefaultMavenResourcesFiltering - Copying 1 resource
2023-04-12 09:42:00,763 [Worker-25: Building] INFO  o.a.m.s.f.DefaultMavenResourcesFiltering - Copying 0 resource
2023-04-12 09:42:00,766 [Worker-25: Building] INFO  o.a.m.s.f.DefaultMavenResourcesFiltering - skip non existing resourceDirectory C:\REST API's RESTFul do 0 à AWS c. Spring Boot 3 Java e Docker\VerboGetPostPutDelete\src\test\resources
2023-04-12 09:46:41,078 [Worker-29: Building] INFO  o.a.m.s.f.DefaultMavenResourcesFiltering - Copying 1 resource
2023-04-12 09:46:41,087 [Worker-29: Building] INFO  o.a.m.s.f.DefaultMavenResourcesFiltering - Copying 0 resource
2023-04-12 09:46:41,093 [Worker-29: Building] INFO  o.a.m.s.f.DefaultMavenResourcesFiltering - skip non existing resourceDirectory C:\REST API's RESTFul do 0 à AWS c. Spring Boot 3 Java e Docker\VerboGetPostPutDelete\src\test\resources
2023-04-12 09:51:49,687 [Worker-30: Building] INFO  o.a.m.s.f.DefaultMavenResourcesFiltering - Copying 1 resource
2023-04-12 09:51:49,696 [Worker-30: Building] INFO  o.a.m.s.f.DefaultMavenResourcesFiltering - Copying 0 resource
2023-04-12 09:51:49,702 [Worker-30: Building] INFO  o.a.m.s.f.DefaultMavenResourcesFiltering - skip non existing resourceDirectory C:\REST API's RESTFul do 0 à AWS c. Spring Boot 3 Java e Docker\VerboGetPostPutDelete\src\test\resources
2023-04-12 09:56:01,710 [Worker-35: Building] INFO  o.a.m.s.f.DefaultMavenResourcesFiltering - Copying 1 resource
2023-04-12 09:56:01,724 [Worker-35: Building] INFO  o.a.m.s.f.DefaultMavenResourcesFiltering - Copying 0 resource
2023-04-12 09:56:01,728 [Worker-35: Building] INFO  o.a.m.s.f.DefaultMavenResourcesFiltering - skip non existing resourceDirectory C:\REST API's RESTFul do 0 à AWS c. Spring Boot 3 Java e Docker\VerboGetPostPutDelete\src\test\resources
2023-04-12 09:56:04,169 [Worker-35: Building] INFO  o.a.m.s.f.DefaultMavenResourcesFiltering - Copying 1 resource
2023-04-12 09:56:04,178 [Worker-35: Building] INFO  o.a.m.s.f.DefaultMavenResourcesFiltering - Copying 0 resource
2023-04-12 09:56:04,181 [Worker-35: Building] INFO  o.a.m.s.f.DefaultMavenResourcesFiltering - skip non existing resourceDirectory C:\REST API's RESTFul do 0 à AWS c. Spring Boot 3 Java e Docker\VerboGetPostPutDelete\src\test\resources
2023-04-12 09:59:15,914 [Worker-32: Building] INFO  o.a.m.s.f.DefaultMavenResourcesFiltering - Copying 1 resource
2023-04-12 09:59:15,924 [Worker-32: Building] INFO  o.a.m.s.f.DefaultMavenResourcesFiltering - Copying 0 resource
2023-04-12 09:59:15,928 [Worker-32: Building] INFO  o.a.m.s.f.DefaultMavenResourcesFiltering - skip non existing resourceDirectory C:\REST API's RESTFul do 0 à AWS c. Spring Boot 3 Java e Docker\VerboGetPostPutDelete\src\test\resources
2023-04-12 10:25:50,171 [Worker-32: Building] INFO  o.a.m.s.f.DefaultMavenResourcesFiltering - Copying 1 resource
2023-04-12 10:25:50,180 [Worker-32: Building] INFO  o.a.m.s.f.DefaultMavenResourcesFiltering - Copying 0 resource
2023-04-12 10:25:50,184 [Worker-32: Building] INFO  o.a.m.s.f.DefaultMavenResourcesFiltering - skip non existing resourceDirectory C:\REST API's RESTFul do 0 à AWS c. Spring Boot 3 Java e Docker\VerboGetPostPutDelete\src\test\resources
2023-04-12 10:28:17,288 [Worker-32: Building] INFO  o.a.m.s.f.DefaultMavenResourcesFiltering - Copying 1 resource
2023-04-12 10:28:17,295 [Worker-32: Building] INFO  o.a.m.s.f.DefaultMavenResourcesFiltering - Copying 0 resource
2023-04-12 10:28:17,299 [Worker-32: Building] INFO  o.a.m.s.f.DefaultMavenResourcesFiltering - skip non existing resourceDirectory C:\REST API's RESTFul do 0 à AWS c. Spring Boot 3 Java e Docker\VerboGetPostPutDelete\src\test\resources
2023-04-12 10:32:21,119 [Worker-42: Building] INFO  o.a.m.s.f.DefaultMavenResourcesFiltering - Copying 1 resource
2023-04-12 10:32:21,128 [Worker-42: Building] INFO  o.a.m.s.f.DefaultMavenResourcesFiltering - Copying 0 resource
2023-04-12 10:32:21,132 [Worker-42: Building] INFO  o.a.m.s.f.DefaultMavenResourcesFiltering - skip non existing resourceDirectory C:\REST API's RESTFul do 0 à AWS c. Spring Boot 3 Java e Docker\VerboGetPostPutDelete\src\test\resources
2023-04-12 10:33:32,625 [Worker-42: Building] INFO  o.a.m.s.f.DefaultMavenResourcesFiltering - Copying 1 resource
2023-04-12 10:33:32,633 [Worker-42: Building] INFO  o.a.m.s.f.DefaultMavenResourcesFiltering - Copying 0 resource
2023-04-12 10:33:32,638 [Worker-42: Building] INFO  o.a.m.s.f.DefaultMavenResourcesFiltering - skip non existing resourceDirectory C:\REST API's RESTFul do 0 à AWS c. Spring Boot 3 Java e Docker\VerboGetPostPutDelete\src\test\resources
2023-04-12 10:35:58,375 [Worker-42: Building] INFO  o.a.m.s.f.DefaultMavenResourcesFiltering - Copying 1 resource
2023-04-12 10:35:58,383 [Worker-42: Building] INFO  o.a.m.s.f.DefaultMavenResourcesFiltering - Copying 0 resource
2023-04-12 10:35:58,387 [Worker-42: Building] INFO  o.a.m.s.f.DefaultMavenResourcesFiltering - skip non existing resourceDirectory C:\REST API's RESTFul do 0 à AWS c. Spring Boot 3 Java e Docker\VerboGetPostPutDelete\src\test\resources
2023-04-12 10:36:19,375 [Worker-46: Building] INFO  o.a.m.s.f.DefaultMavenResourcesFiltering - Copying 1 resource
2023-04-12 10:36:19,384 [Worker-46: Building] INFO  o.a.m.s.f.DefaultMavenResourcesFiltering - Copying 0 resource
2023-04-12 10:36:19,388 [Worker-46: Building] INFO  o.a.m.s.f.DefaultMavenResourcesFiltering - skip non existing resourceDirectory C:\REST API's RESTFul do 0 à AWS c. Spring Boot 3 Java e Docker\VerboGetPostPutDelete\src\test\resources
2023-04-12 10:39:18,172 [Worker-46: Building] INFO  o.a.m.s.f.DefaultMavenResourcesFiltering - Copying 1 resource
2023-04-12 10:39:18,177 [Worker-46: Building] INFO  o.a.m.s.f.DefaultMavenResourcesFiltering - Copying 0 resource
2023-04-12 10:39:18,181 [Worker-46: Building] INFO  o.a.m.s.f.DefaultMavenResourcesFiltering - skip non existing resourceDirectory C:\REST API's RESTFul do 0 à AWS c. Spring Boot 3 Java e Docker\VerboGetPostPutDelete\src\test\resources
2023-04-12 10:42:19,417 [Worker-46: Building] INFO  o.a.m.s.f.DefaultMavenResourcesFiltering - Copying 1 resource
2023-04-12 10:42:19,427 [Worker-46: Building] INFO  o.a.m.s.f.DefaultMavenResourcesFiltering - Copying 0 resource
2023-04-12 10:42:19,430 [Worker-46: Building] INFO  o.a.m.s.f.DefaultMavenResourcesFiltering - skip non existing resourceDirectory C:\REST API's RESTFul do 0 à AWS c. Spring Boot 3 Java e Docker\VerboGetPostPutDelete\src\test\resources
2023-04-12 10:43:42,922 [Worker-50: Building] INFO  o.a.m.s.f.DefaultMavenResourcesFiltering - Copying 1 resource
2023-04-12 10:43:42,930 [Worker-50: Building] INFO  o.a.m.s.f.DefaultMavenResourcesFiltering - Copying 0 resource
2023-04-12 10:43:42,934 [Worker-50: Building] INFO  o.a.m.s.f.DefaultMavenResourcesFiltering - skip non existing resourceDirectory C:\REST API's RESTFul do 0 à AWS c. Spring Boot 3 Java e Docker\VerboGetPostPutDelete\src\test\resources
2023-04-12 10:44:21,270 [Worker-52: Building] INFO  o.a.m.s.f.DefaultMavenResourcesFiltering - Copying 1 resource
2023-04-12 10:44:21,276 [Worker-52: Building] INFO  o.a.m.s.f.DefaultMavenResourcesFiltering - Copying 0 resource
2023-04-12 10:44:21,280 [Worker-52: Building] INFO  o.a.m.s.f.DefaultMavenResourcesFiltering - skip non existing resourceDirectory C:\REST API's RESTFul do 0 à AWS c. Spring Boot 3 Java e Docker\VerboGetPostPutDelete\src\test\resources
2023-04-12 10:57:05,470 [Worker-56: Building] INFO  o.a.m.s.f.DefaultMavenResourcesFiltering - Copying 1 resource
2023-04-12 10:57:05,479 [Worker-56: Building] INFO  o.a.m.s.f.DefaultMavenResourcesFiltering - Copying 0 resource
2023-04-12 10:57:05,482 [Worker-56: Building] INFO  o.a.m.s.f.DefaultMavenResourcesFiltering - skip non existing resourceDirectory C:\REST API's RESTFul do 0 à AWS c. Spring Boot 3 Java e Docker\VerboGetPostPutDelete\src\test\resources
2023-04-12 10:57:27,051 [Worker-47: Building] INFO  o.a.m.s.f.DefaultMavenResourcesFiltering - Copying 1 resource
2023-04-12 10:57:27,060 [Worker-47: Building] INFO  o.a.m.s.f.DefaultMavenResourcesFiltering - Copying 0 resource
2023-04-12 10:57:27,063 [Worker-47: Building] INFO  o.a.m.s.f.DefaultMavenResourcesFiltering - skip non existing resourceDirectory C:\REST API's RESTFul do 0 à AWS c. Spring Boot 3 Java e Docker\VerboGetPostPutDelete\src\test\resources
2023-04-12 10:59:31,609 [Worker-55: Building] INFO  o.a.m.s.f.DefaultMavenResourcesFiltering - Copying 1 resource
2023-04-12 10:59:31,619 [Worker-55: Building] INFO  o.a.m.s.f.DefaultMavenResourcesFiltering - Copying 0 resource
2023-04-12 10:59:31,622 [Worker-55: Building] INFO  o.a.m.s.f.DefaultMavenResourcesFiltering - skip non existing resourceDirectory C:\REST API's RESTFul do 0 à AWS c. Spring Boot 3 Java e Docker\VerboGetPostPutDelete\src\test\resources
2023-04-12 11:02:02,304 [Worker-55: Building] INFO  o.a.m.s.f.DefaultMavenResourcesFiltering - Copying 1 resource
2023-04-12 11:02:02,310 [Worker-55: Building] INFO  o.a.m.s.f.DefaultMavenResourcesFiltering - Copying 0 resource
2023-04-12 11:02:02,313 [Worker-55: Building] INFO  o.a.m.s.f.DefaultMavenResourcesFiltering - skip non existing resourceDirectory C:\REST API's RESTFul do 0 à AWS c. Spring Boot 3 Java e Docker\VerboGetPostPutDelete\src\test\resources
2023-04-12 11:04:49,363 [Worker-56: Building] INFO  o.a.m.s.f.DefaultMavenResourcesFiltering - Copying 1 resource
